<?xml version="1.0" encoding="UTF-8" standalone="yes"?><!DOCTYPE report PUBLIC "-//JACOCO//DTD Report 1.1//EN" "report.dtd"><report name="AFISHA"><sessioninfo id="DESKTOP-19U7GKT-824a83ea" start="1691922187213" dump="1691922188906"/><package name=""><class name="Manager" sourcefilename="Manager.java"><method name="&lt;init&gt;" desc="()V" line="1"><counter type="INSTRUCTION" missed="0" covered="7"/><counter type="LINE" missed="0" covered="2"/><counter type="COMPLEXITY" missed="0" covered="1"/><counter type="METHOD" missed="0" covered="1"/></method><method name="add" desc="(Ljava/lang/String;)V" line="5"><counter type="INSTRUCTION" missed="0" covered="34"/><counter type="BRANCH" missed="0" covered="2"/><counter type="LINE" missed="0" covered="6"/><counter type="COMPLEXITY" missed="0" covered="2"/><counter type="METHOD" missed="0" covered="1"/></method><method name="findAll" desc="()[Ljava/lang/String;" line="15"><counter type="INSTRUCTION" missed="0" covered="3"/><counter type="LINE" missed="0" covered="1"/><counter type="COMPLEXITY" missed="0" covered="1"/><counter type="METHOD" missed="0" covered="1"/></method><method name="findLast" desc="(I)[Ljava/lang/String;" line="21"><counter type="INSTRUCTION" missed="0" covered="38"/><counter type="BRANCH" missed="0" covered="4"/><counter type="LINE" missed="0" covered="7"/><counter type="COMPLEXITY" missed="0" covered="3"/><counter type="METHOD" missed="0" covered="1"/></method><counter type="INSTRUCTION" missed="0" covered="82"/><counter type="BRANCH" missed="0" covered="6"/><counter type="LINE" missed="0" covered="16"/><counter type="COMPLEXITY" missed="0" covered="7"/><counter type="METHOD" missed="0" covered="4"/><counter type="CLASS" missed="0" covered="1"/></class><sourcefile name="Manager.java"><line nr="1" mi="0" ci="2" mb="0" cb="0"/><line nr="2" mi="0" ci="5" mb="0" cb="0"/><line nr="5" mi="0" ci="7" mb="0" cb="0"/><line nr="6" mi="0" ci="9" mb="0" cb="2"/><line nr="7" mi="0" ci="7" mb="0" cb="0"/><line nr="9" mi="0" ci="7" mb="0" cb="0"/><line nr="10" mi="0" ci="3" mb="0" cb="0"/><line nr="12" mi="0" ci="1" mb="0" cb="0"/><line nr="15" mi="0" ci="3" mb="0" cb="0"/><line nr="21" mi="0" ci="5" mb="0" cb="2"/><line nr="22" mi="0" ci="5" mb="0" cb="0"/><line nr="24" mi="0" ci="2" mb="0" cb="0"/><line nr="26" mi="0" ci="3" mb="0" cb="0"/><line nr="27" mi="0" ci="8" mb="0" cb="2"/><line nr="28" mi="0" ci="13" mb="0" cb="0"/><line nr="30" mi="0" ci="2" mb="0" cb="0"/><counter type="INSTRUCTION" missed="0" covered="82"/><counter type="BRANCH" missed="0" covered="6"/><counter type="LINE" missed="0" covered="16"/><counter type="COMPLEXITY" missed="0" covered="7"/><counter type="METHOD" missed="0" covered="4"/><counter type="CLASS" missed="0" covered="1"/></sourcefile><counter type="INSTRUCTION" missed="0" covered="82"/><counter type="BRANCH" missed="0" covered="6"/><counter type="LINE" missed="0" covered="16"/><counter type="COMPLEXITY" missed="0" covered="7"/><counter type="METHOD" missed="0" covered="4"/><counter type="CLASS" missed="0" covered="1"/></package><counter type="INSTRUCTION" missed="0" covered="82"/><counter type="BRANCH" missed="0" covered="6"/><counter type="LINE" missed="0" covered="16"/><counter type="COMPLEXITY" missed="0" covered="7"/><counter type="METHOD" missed="0" covered="4"/><counter type="CLASS" missed="0" covered="1"/></report>